  Game.cpp
Game.cpp(80): warning C4244: 'argument': conversion from 'time_t' to 'unsigned int', possible loss of data
Game.cpp(92): warning C4244: 'argument': conversion from 'time_t' to 'unsigned int', possible loss of data
Game.cpp(104): warning C4244: 'argument': conversion from 'time_t' to 'unsigned int', possible loss of data
Game.cpp(134): warning C4244: 'argument': conversion from 'double' to 'int', possible loss of data
Game.cpp(147): warning C4244: 'argument': conversion from 'double' to 'int', possible loss of data
Game.cpp(160): warning C4244: 'argument': conversion from 'double' to 'int', possible loss of data
Game.cpp(175): warning C4244: 'argument': conversion from 'double' to 'int', possible loss of data
Game.cpp(183): warning C4244: 'argument': conversion from 'double' to 'int', possible loss of data
Game.cpp(192): warning C4244: 'argument': conversion from 'double' to 'int', possible loss of data
Game.cpp(215): warning C4244: 'argument': conversion from 'double' to 'int', possible loss of data
Game.cpp(217): warning C4244: 'argument': conversion from 'double' to 'int', possible loss of data
Game.cpp(219): warning C4244: 'argument': conversion from 'double' to 'int', possible loss of data
  Generating code
  1 of 637 functions ( 0.2%) were compiled, the rest were copied from previous compilation.
    0 functions were new in current compilation
    2 functions had inline decision re-evaluated but remain unchanged
  Finished generating code
  Engine.vcxproj -> C:\Users\Gebruiker\Documents\Programming\C++ Projects\Salta\Release\Engine.exe
  Engine.vcxproj -> C:\Users\Gebruiker\Documents\Programming\C++ Projects\Salta\Release\Engine.pdb (Full PDB)
